<?xml version="1.0" encoding="UTF-8"?>
<!-- Generated by org.testng.reporters.JUnitReportReporter -->
<testsuite skipped="0" hostname="DESKTOP-39UJIFT" name="com.qa.testcases.LoginPageTest" tests="3" failures="0" timestamp="16 Jul 2020 14:51:10 GMT" time="65.654" errors="0">
  <testcase name="LoginPageTitleTest" time="14.552" classname="com.qa.testcases.LoginPageTest"/>
  <testcase name="SaleslogoImgtest" time="16.845" classname="com.qa.testcases.LoginPageTest"/>
  <testcase name="loginTest" time="34.257" classname="com.qa.testcases.LoginPageTest"/>
</testsuite> <!-- com.qa.testcases.LoginPageTest -->
